<?xml version="1.0" encoding="UTF-8"?>
<!-- Generated by org.testng.reporters.JUnitReportReporter -->
<testsuite hostname="DESKTOP-R7F4RG8" failures="0" tests="2" name="TheTestingAcademy.VwoLoginAutomation.Login" time="24.274" errors="0" timestamp="2023-07-30T14:18:10 IST" skipped="0">
  <testcase classname="TheTestingAcademy.VwoLoginAutomation.Login" name="TestInvalidLogin" time="12.036"/>
  <system-out/>
  <testcase classname="TheTestingAcademy.VwoLoginAutomation.Login" name="TestValidLogin" time="12.238"/>
  <system-out/>
</testsuite> <!-- TheTestingAcademy.VwoLoginAutomation.Login -->
